<?xml version="1.0" encoding="UTF-8"?>
<!-- Generated by org.testng.reporters.JUnitReportReporter -->
<testsuite skipped="0" hostname="ELF34-KiranGowdaH" name="test_Scripts.TestScript17" tests="1" failures="0" timestamp="20 Jun 2022 06:03:49 GMT" time="1.006" errors="0">
  <testcase name="testScript10" time="1.006" classname="test_Scripts.TestScript17"/>
</testsuite> <!-- test_Scripts.TestScript17 -->
