<?xml version="1.0" encoding="UTF-8"?>
<!-- Generated by org.testng.reporters.JUnitReportReporter -->
<testsuite skipped="0" hostname="ELF34-KiranGowdaH" name="test_Scripts.TestScript20" tests="1" failures="0" timestamp="20 Jun 2022 06:03:49 GMT" time="12.888" errors="0">
  <testcase name="testScript20" time="12.888" classname="test_Scripts.TestScript20"/>
</testsuite> <!-- test_Scripts.TestScript20 -->
