<?xml version="1.0" encoding="UTF-8"?>
<!-- Generated by org.testng.reporters.JUnitReportReporter -->
<testsuite skipped="0" hostname="ELF34-KiranGowdaH" name="test_Scripts.TestScript3" tests="1" failures="0" timestamp="20 Jun 2022 06:03:49 GMT" time="1.888" errors="0">
  <testcase name="testScript3" time="1.888" classname="test_Scripts.TestScript3"/>
</testsuite> <!-- test_Scripts.TestScript3 -->
