<?xml version="1.0" encoding="UTF-8"?>
<!-- Generated by org.testng.reporters.JUnitReportReporter -->
<testsuite skipped="0" hostname="ELF34-KiranGowdaH" name="test_Scripts.SampleTest" tests="1" failures="0" timestamp="20 Jun 2022 06:03:49 GMT" time="0.001" errors="0">
  <testcase name="sample" time="0.001" classname="test_Scripts.SampleTest"/>
</testsuite> <!-- test_Scripts.SampleTest -->
