<?xml version="1.0" encoding="UTF-8"?>
<!-- Generated by org.testng.reporters.JUnitReportReporter -->
<testsuite skipped="0" hostname="ELF34-KiranGowdaH" name="test_Scripts.TestScript13" tests="1" failures="0" timestamp="20 Jun 2022 06:03:49 GMT" time="6.776" errors="0">
  <testcase name="testScript13" time="6.776" classname="test_Scripts.TestScript13"/>
</testsuite> <!-- test_Scripts.TestScript13 -->
